<?xml version="1.0" encoding="UTF-8"?>
<coverage generated="1710952221034" clover="3.2.0">
  <project timestamp="1710952221035" name="All files">
    <metrics statements="55" coveredstatements="50" conditionals="11" coveredconditionals="9" methods="19" coveredmethods="17" elements="85" coveredelements="76" complexity="0" loc="55" ncloc="55" packages="4" files="5" classes="5"/>
    <package name="components.cart">
      <metrics statements="32" coveredstatements="28" conditionals="6" coveredconditionals="5" methods="13" coveredmethods="12"/>
      <file name="cart.tsx" path="/mnt/Basket/react-vite-radix-tailwind-typescript-template/src/components/cart/cart.tsx">
        <metrics statements="32" coveredstatements="28" conditionals="6" coveredconditionals="5" methods="13" coveredmethods="12"/>
        <line num="2" count="1" type="stmt"/>
        <line num="3" count="1" type="stmt"/>
        <line num="4" count="1" type="stmt"/>
        <line num="5" count="1" type="stmt"/>
        <line num="11" count="1" type="stmt"/>
        <line num="12" count="11" type="stmt"/>
        <line num="14" count="13" type="stmt"/>
        <line num="19" count="11" type="stmt"/>
        <line num="20" count="3" type="cond" truecount="3" falsecount="0"/>
        <line num="21" count="1" type="stmt"/>
        <line num="24" count="2" type="stmt"/>
        <line num="25" count="2" type="cond" truecount="1" falsecount="0"/>
        <line num="26" count="2" type="stmt"/>
        <line num="31" count="0" type="stmt"/>
        <line num="33" count="2" type="stmt"/>
        <line num="36" count="11" type="stmt"/>
        <line num="38" count="1" type="stmt"/>
        <line num="39" count="1" type="stmt"/>
        <line num="42" count="11" type="stmt"/>
        <line num="43" count="10" type="stmt"/>
        <line num="47" count="11" type="stmt"/>
        <line num="48" count="4" type="cond" truecount="1" falsecount="1"/>
        <line num="49" count="4" type="stmt"/>
        <line num="51" count="0" type="stmt"/>
        <line num="52" count="0" type="stmt"/>
        <line num="54" count="0" type="stmt"/>
        <line num="58" count="11" type="stmt"/>
        <line num="64" count="10" type="stmt"/>
        <line num="84" count="2" type="stmt"/>
        <line num="95" count="1" type="stmt"/>
        <line num="104" count="1" type="stmt"/>
        <line num="121" count="1" type="stmt"/>
      </file>
    </package>
    <package name="components.ui.button">
      <metrics statements="12" coveredstatements="12" conditionals="5" coveredconditionals="4" methods="1" coveredmethods="1"/>
      <file name="button.tsx" path="/mnt/Basket/react-vite-radix-tailwind-typescript-template/src/components/ui/button/button.tsx">
        <metrics statements="11" coveredstatements="11" conditionals="5" coveredconditionals="4" methods="1" coveredmethods="1"/>
        <line num="1" count="1" type="stmt"/>
        <line num="3" count="1" type="stmt"/>
        <line num="5" count="1" type="stmt"/>
        <line num="7" count="1" type="stmt"/>
        <line num="11" count="1" type="stmt"/>
        <line num="23" count="1" type="stmt"/>
        <line num="40" count="1" type="stmt"/>
        <line num="51" count="30" type="cond" truecount="1" falsecount="1"/>
        <line num="52" count="30" type="stmt"/>
        <line num="61" count="1" type="stmt"/>
        <line num="63" count="1" type="stmt"/>
      </file>
      <file name="index.ts" path="/mnt/Basket/react-vite-radix-tailwind-typescript-template/src/components/ui/button/index.ts">
        <metrics statements="1" coveredstatements="1" conditionals="0" coveredconditionals="0" methods="0" coveredmethods="0"/>
        <line num="1" count="1" type="stmt"/>
      </file>
    </package>
    <package name="lib">
      <metrics statements="6" coveredstatements="6" conditionals="0" coveredconditionals="0" methods="2" coveredmethods="2"/>
      <file name="utils.ts" path="/mnt/Basket/react-vite-radix-tailwind-typescript-template/src/lib/utils.ts">
        <metrics statements="6" coveredstatements="6" conditionals="0" coveredconditionals="0" methods="2" coveredmethods="2"/>
        <line num="1" count="1" type="stmt"/>
        <line num="2" count="1" type="stmt"/>
        <line num="4" count="1" type="stmt"/>
        <line num="5" count="30" type="stmt"/>
        <line num="8" count="1" type="stmt"/>
        <line num="9" count="1" type="stmt"/>
      </file>
    </package>
    <package name="lib.store">
      <metrics statements="5" coveredstatements="4" conditionals="0" coveredconditionals="0" methods="3" coveredmethods="2"/>
      <file name="productStore.ts" path="/mnt/Basket/react-vite-radix-tailwind-typescript-template/src/lib/store/productStore.ts">
        <metrics statements="5" coveredstatements="4" conditionals="0" coveredconditionals="0" methods="3" coveredmethods="2"/>
        <line num="2" count="1" type="stmt"/>
        <line num="11" count="1" type="stmt"/>
        <line num="13" count="7" type="stmt"/>
        <line num="15" count="0" type="stmt"/>
        <line num="18" count="1" type="stmt"/>
      </file>
    </package>
  </project>
</coverage>
