<?xml version="1.0" encoding="UTF-8"?>
<coverage generated="1711606235068" clover="3.2.0">
  <project timestamp="1711606235068" name="All files">
    <metrics statements="56" coveredstatements="48" conditionals="14" coveredconditionals="10" methods="20" coveredmethods="16" elements="90" coveredelements="74" complexity="0" loc="56" ncloc="56" packages="4" files="5" classes="5"/>
    <package name="components.cart">
      <metrics statements="33" coveredstatements="26" conditionals="9" coveredconditionals="6" methods="14" coveredmethods="11"/>
      <file name="cart.tsx" path="/mnt/Basket/Softoo Assignment React/src/components/cart/cart.tsx">
        <metrics statements="33" coveredstatements="26" conditionals="9" coveredconditionals="6" methods="14" coveredmethods="11"/>
        <line num="2" count="1" type="stmt"/>
        <line num="3" count="1" type="stmt"/>
        <line num="4" count="1" type="stmt"/>
        <line num="5" count="1" type="stmt"/>
        <line num="11" count="1" type="stmt"/>
        <line num="12" count="10" type="stmt"/>
        <line num="14" count="12" type="stmt"/>
        <line num="19" count="10" type="stmt"/>
        <line num="20" count="3" type="cond" truecount="3" falsecount="0"/>
        <line num="21" count="1" type="stmt"/>
        <line num="24" count="2" type="stmt"/>
        <line num="25" count="2" type="cond" truecount="1" falsecount="0"/>
        <line num="26" count="2" type="stmt"/>
        <line num="31" count="0" type="stmt"/>
        <line num="33" count="2" type="stmt"/>
        <line num="35" count="10" type="stmt"/>
        <line num="36" count="0" type="stmt"/>
        <line num="37" count="0" type="cond" truecount="0" falsecount="1"/>
        <line num="38" count="0" type="stmt"/>
        <line num="43" count="0" type="stmt"/>
        <line num="45" count="0" type="stmt"/>
        <line num="48" count="10" type="stmt"/>
        <line num="50" count="11" type="cond" truecount="1" falsecount="1"/>
        <line num="52" count="11" type="stmt"/>
        <line num="54" count="10" type="stmt"/>
        <line num="55" count="4" type="stmt"/>
        <line num="58" count="10" type="stmt"/>
        <line num="65" count="11" type="cond" truecount="1" falsecount="1"/>
        <line num="68" count="11" type="stmt"/>
        <line num="91" count="2" type="stmt"/>
        <line num="102" count="1" type="stmt"/>
        <line num="112" count="0" type="stmt"/>
        <line num="129" count="1" type="stmt"/>
      </file>
    </package>
    <package name="components.ui.button">
      <metrics statements="12" coveredstatements="12" conditionals="5" coveredconditionals="4" methods="1" coveredmethods="1"/>
      <file name="button.tsx" path="/mnt/Basket/Softoo Assignment React/src/components/ui/button/button.tsx">
        <metrics statements="11" coveredstatements="11" conditionals="5" coveredconditionals="4" methods="1" coveredmethods="1"/>
        <line num="1" count="1" type="stmt"/>
        <line num="3" count="1" type="stmt"/>
        <line num="5" count="1" type="stmt"/>
        <line num="7" count="1" type="stmt"/>
        <line num="11" count="1" type="stmt"/>
        <line num="23" count="1" type="stmt"/>
        <line num="40" count="1" type="stmt"/>
        <line num="51" count="33" type="cond" truecount="1" falsecount="1"/>
        <line num="52" count="33" type="stmt"/>
        <line num="61" count="1" type="stmt"/>
        <line num="63" count="1" type="stmt"/>
      </file>
      <file name="index.ts" path="/mnt/Basket/Softoo Assignment React/src/components/ui/button/index.ts">
        <metrics statements="1" coveredstatements="1" conditionals="0" coveredconditionals="0" methods="0" coveredmethods="0"/>
        <line num="1" count="1" type="stmt"/>
      </file>
    </package>
    <package name="lib">
      <metrics statements="6" coveredstatements="6" conditionals="0" coveredconditionals="0" methods="2" coveredmethods="2"/>
      <file name="utils.ts" path="/mnt/Basket/Softoo Assignment React/src/lib/utils.ts">
        <metrics statements="6" coveredstatements="6" conditionals="0" coveredconditionals="0" methods="2" coveredmethods="2"/>
        <line num="1" count="1" type="stmt"/>
        <line num="2" count="1" type="stmt"/>
        <line num="4" count="1" type="stmt"/>
        <line num="5" count="33" type="stmt"/>
        <line num="8" count="1" type="stmt"/>
        <line num="9" count="1" type="stmt"/>
      </file>
    </package>
    <package name="lib.store">
      <metrics statements="5" coveredstatements="4" conditionals="0" coveredconditionals="0" methods="3" coveredmethods="2"/>
      <file name="productStore.ts" path="/mnt/Basket/Softoo Assignment React/src/lib/store/productStore.ts">
        <metrics statements="5" coveredstatements="4" conditionals="0" coveredconditionals="0" methods="3" coveredmethods="2"/>
        <line num="2" count="1" type="stmt"/>
        <line num="11" count="1" type="stmt"/>
        <line num="13" count="6" type="stmt"/>
        <line num="15" count="0" type="stmt"/>
        <line num="18" count="1" type="stmt"/>
      </file>
    </package>
  </project>
</coverage>
