{"/mnt/Basket/Softoo Assignment React/src/components/cart/cart.tsx": {"path":"/mnt/Basket/Softoo Assignment React/src/components/cart/cart.tsx","statementMap":{"0":{"start":{"line":2,"column":0},"end":{"line":2,"column":38}},"1":{"start":{"line":3,"column":0},"end":{"line":3,"column":55}},"2":{"start":{"line":4,"column":0},"end":{"line":4,"column":55}},"3":{"start":{"line":5,"column":0},"end":{"line":5,"column":34}},"4":{"start":{"line":11,"column":13},"end":{"line":126,"column":1}},"5":{"start":{"line":12,"column":49},"end":{"line":12,"column":66}},"6":{"start":{"line":14,"column":34},"end":{"line":17,"column":5}},"7":{"start":{"line":14,"column":64},"end":{"line":17,"column":4}},"8":{"start":{"line":19,"column":31},"end":{"line":34,"column":3}},"9":{"start":{"line":20,"column":4},"end":{"line":22,"column":5}},"10":{"start":{"line":21,"column":6},"end":{"line":21,"column":13}},"11":{"start":{"line":24,"column":28},"end":{"line":32,"column":6}},"12":{"start":{"line":25,"column":6},"end":{"line":30,"column":7}},"13":{"start":{"line":26,"column":8},"end":{"line":29,"column":10}},"14":{"start":{"line":31,"column":6},"end":{"line":31,"column":21}},"15":{"start":{"line":33,"column":4},"end":{"line":33,"column":33}},"16":{"start":{"line":35,"column":23},"end":{"line":46,"column":3}},"17":{"start":{"line":36,"column":28},"end":{"line":44,"column":6}},"18":{"start":{"line":37,"column":6},"end":{"line":42,"column":7}},"19":{"start":{"line":38,"column":8},"end":{"line":41,"column":10}},"20":{"start":{"line":43,"column":6},"end":{"line":43,"column":21}},"21":{"start":{"line":45,"column":4},"end":{"line":45,"column":33}},"22":{"start":{"line":48,"column":33},"end":{"line":50,"column":null}},"23":{"start":{"line":49,"column":21},"end":{"line":49,"column":55}},"24":{"start":{"line":53,"column":2},"end":{"line":55,"column":9}},"25":{"start":{"line":54,"column":4},"end":{"line":54,"column":41}},"26":{"start":{"line":57,"column":2},"end":{"line":125,"column":4}},"27":{"start":{"line":64,"column":23},"end":{"line":64,"column":78}},"28":{"start":{"line":67,"column":10},"end":{"line":68,"column":null}},"29":{"start":{"line":90,"column":35},"end":{"line":90,"column":65}},"30":{"start":{"line":101,"column":35},"end":{"line":101,"column":64}},"31":{"start":{"line":111,"column":31},"end":{"line":111,"column":52}},"32":{"start":{"line":128,"column":0},"end":{"line":128,"column":20}}},"fnMap":{"0":{"name":"(anonymous_1)","decl":{"start":{"line":11,"column":13},"end":{"line":11,"column":14}},"loc":{"start":{"line":11,"column":54},"end":{"line":126,"column":1}}},"1":{"name":"(anonymous_2)","decl":{"start":{"line":14,"column":50},"end":{"line":14,"column":51}},"loc":{"start":{"line":14,"column":64},"end":{"line":17,"column":4}}},"2":{"name":"(anonymous_3)","decl":{"start":{"line":19,"column":31},"end":{"line":19,"column":32}},"loc":{"start":{"line":19,"column":65},"end":{"line":34,"column":3}}},"3":{"name":"(anonymous_4)","decl":{"start":{"line":24,"column":41},"end":{"line":24,"column":42}},"loc":{"start":{"line":24,"column":53},"end":{"line":32,"column":5}}},"4":{"name":"(anonymous_5)","decl":{"start":{"line":35,"column":23},"end":{"line":35,"column":24}},"loc":{"start":{"line":35,"column":38},"end":{"line":46,"column":3}}},"5":{"name":"(anonymous_6)","decl":{"start":{"line":36,"column":41},"end":{"line":36,"column":42}},"loc":{"start":{"line":36,"column":53},"end":{"line":44,"column":5}}},"6":{"name":"(anonymous_7)","decl":{"start":{"line":49,"column":4},"end":{"line":49,"column":5}},"loc":{"start":{"line":49,"column":21},"end":{"line":49,"column":55}}},"7":{"name":"(anonymous_8)","decl":{"start":{"line":53,"column":12},"end":{"line":53,"column":15}},"loc":{"start":{"line":53,"column":17},"end":{"line":55,"column":3}}},"8":{"name":"(anonymous_9)","decl":{"start":{"line":64,"column":10},"end":{"line":64,"column":11}},"loc":{"start":{"line":64,"column":23},"end":{"line":64,"column":78}}},"9":{"name":"(anonymous_10)","decl":{"start":{"line":66,"column":13},"end":{"line":66,"column":14}},"loc":{"start":{"line":67,"column":10},"end":{"line":68,"column":null}}},"10":{"name":"(anonymous_11)","decl":{"start":{"line":90,"column":29},"end":{"line":90,"column":32}},"loc":{"start":{"line":90,"column":35},"end":{"line":90,"column":65}}},"11":{"name":"(anonymous_12)","decl":{"start":{"line":101,"column":29},"end":{"line":101,"column":32}},"loc":{"start":{"line":101,"column":35},"end":{"line":101,"column":64}}},"12":{"name":"(anonymous_13)","decl":{"start":{"line":111,"column":25},"end":{"line":111,"column":28}},"loc":{"start":{"line":111,"column":31},"end":{"line":111,"column":52}}}},"branchMap":{"0":{"loc":{"start":{"line":20,"column":4},"end":{"line":22,"column":5}},"type":"if","locations":[{"start":{"line":20,"column":4},"end":{"line":22,"column":5}}]},"1":{"loc":{"start":{"line":20,"column":8},"end":{"line":20,"column":44}},"type":"binary-expr","locations":[{"start":{"line":20,"column":8},"end":{"line":20,"column":27}},{"start":{"line":20,"column":31},"end":{"line":20,"column":44}}]},"2":{"loc":{"start":{"line":25,"column":6},"end":{"line":30,"column":7}},"type":"if","locations":[{"start":{"line":25,"column":6},"end":{"line":30,"column":7}}]},"3":{"loc":{"start":{"line":37,"column":6},"end":{"line":42,"column":7}},"type":"if","locations":[{"start":{"line":37,"column":6},"end":{"line":42,"column":7}}]},"4":{"loc":{"start":{"line":64,"column":23},"end":{"line":64,"column":78}},"type":"binary-expr","locations":[{"start":{"line":64,"column":23},"end":{"line":64,"column":44}},{"start":{"line":64,"column":48},"end":{"line":64,"column":78}}]}},"s":{"0":1,"1":1,"2":1,"3":1,"4":1,"5":10,"6":10,"7":12,"8":10,"9":3,"10":1,"11":2,"12":2,"13":2,"14":0,"15":2,"16":10,"17":0,"18":0,"19":0,"20":0,"21":0,"22":10,"23":11,"24":10,"25":4,"26":10,"27":11,"28":11,"29":2,"30":1,"31":0,"32":1},"f":{"0":10,"1":12,"2":3,"3":2,"4":0,"5":0,"6":11,"7":4,"8":11,"9":11,"10":2,"11":1,"12":0},"b":{"0":[1],"1":[3,2],"2":[2],"3":[0],"4":[11,0]}}
,"/mnt/Basket/Softoo Assignment React/src/components/ui/button/button.tsx": {"path":"/mnt/Basket/Softoo Assignment React/src/components/ui/button/button.tsx","statementMap":{"0":{"start":{"line":1,"column":0},"end":{"line":1,"column":26}},"1":{"start":{"line":3,"column":0},"end":{"line":3,"column":44}},"2":{"start":{"line":5,"column":0},"end":{"line":5,"column":37}},"3":{"start":{"line":7,"column":22},"end":{"line":8,"column":null}},"4":{"start":{"line":11,"column":17},"end":{"line":21,"column":2}},"5":{"start":{"line":23,"column":14},"end":{"line":28,"column":2}},"6":{"start":{"line":40,"column":15},"end":{"line":59,"column":null}},"7":{"start":{"line":51,"column":17},"end":{"line":51,"column":42}},"8":{"start":{"line":52,"column":4},"end":{"line":58,"column":6}},"9":{"start":{"line":63,"column":9},"end":{"line":63,"column":15}},"10":{"start":{"line":61,"column":0},"end":{"line":61,"column":30}}},"fnMap":{"0":{"name":"(anonymous_1)","decl":{"start":{"line":41,"column":2},"end":{"line":41,"column":null}},"loc":{"start":{"line":50,"column":6},"end":{"line":59,"column":3}}}},"branchMap":{"0":{"loc":{"start":{"line":44,"column":6},"end":{"line":44,"column":25}},"type":"default-arg","locations":[{"start":{"line":44,"column":16},"end":{"line":44,"column":25}}]},"1":{"loc":{"start":{"line":45,"column":6},"end":{"line":45,"column":22}},"type":"default-arg","locations":[{"start":{"line":45,"column":13},"end":{"line":45,"column":22}}]},"2":{"loc":{"start":{"line":46,"column":6},"end":{"line":46,"column":21}},"type":"default-arg","locations":[{"start":{"line":46,"column":16},"end":{"line":46,"column":21}}]},"3":{"loc":{"start":{"line":51,"column":17},"end":{"line":51,"column":42}},"type":"cond-expr","locations":[{"start":{"line":51,"column":27},"end":{"line":51,"column":31}},{"start":{"line":51,"column":34},"end":{"line":51,"column":42}}]}},"s":{"0":1,"1":1,"2":1,"3":1,"4":1,"5":1,"6":1,"7":33,"8":33,"9":1,"10":1},"f":{"0":33},"b":{"0":[11],"1":[33],"2":[33],"3":[0,33]}}
,"/mnt/Basket/Softoo Assignment React/src/components/ui/button/index.ts": {"path":"/mnt/Basket/Softoo Assignment React/src/components/ui/button/index.ts","statementMap":{"0":{"start":{"line":1,"column":0},"end":{"line":1,"column":25}}},"fnMap":{},"branchMap":{},"s":{"0":1},"f":{},"b":{}}
,"/mnt/Basket/Softoo Assignment React/src/lib/utils.ts": {"path":"/mnt/Basket/Softoo Assignment React/src/lib/utils.ts","statementMap":{"0":{"start":{"line":1,"column":0},"end":{"line":1,"column":45}},"1":{"start":{"line":2,"column":0},"end":{"line":2,"column":41}},"2":{"start":{"line":5,"column":2},"end":{"line":5,"column":31}},"3":{"start":{"line":4,"column":0},"end":{"line":4,"column":16}},"4":{"start":{"line":9,"column":2},"end":{"line":9,"column":25}},"5":{"start":{"line":8,"column":0},"end":{"line":8,"column":16}}},"fnMap":{"0":{"name":"cn","decl":{"start":{"line":4,"column":16},"end":{"line":4,"column":18}},"loc":{"start":{"line":4,"column":42},"end":{"line":6,"column":1}}},"1":{"name":"tw","decl":{"start":{"line":8,"column":16},"end":{"line":8,"column":18}},"loc":{"start":{"line":8,"column":55},"end":{"line":10,"column":1}}}},"branchMap":{},"s":{"0":1,"1":1,"2":33,"3":1,"4":1,"5":1},"f":{"0":33,"1":1},"b":{}}
,"/mnt/Basket/Softoo Assignment React/src/lib/store/productStore.ts": {"path":"/mnt/Basket/Softoo Assignment React/src/lib/store/productStore.ts","statementMap":{"0":{"start":{"line":2,"column":0},"end":{"line":2,"column":33}},"1":{"start":{"line":11,"column":24},"end":{"line":16,"column":3}},"2":{"start":{"line":11,"column":60},"end":{"line":16,"column":2}},"3":{"start":{"line":13,"column":29},"end":{"line":13,"column":46}},"4":{"start":{"line":15,"column":29},"end":{"line":15,"column":56}},"5":{"start":{"line":18,"column":0},"end":{"line":18,"column":31}}},"fnMap":{"0":{"name":"(anonymous_0)","decl":{"start":{"line":11,"column":50},"end":{"line":11,"column":51}},"loc":{"start":{"line":11,"column":60},"end":{"line":16,"column":2}}},"1":{"name":"(anonymous_1)","decl":{"start":{"line":13,"column":15},"end":{"line":13,"column":16}},"loc":{"start":{"line":13,"column":29},"end":{"line":13,"column":46}}},"2":{"name":"(anonymous_2)","decl":{"start":{"line":15,"column":18},"end":{"line":15,"column":19}},"loc":{"start":{"line":15,"column":29},"end":{"line":15,"column":56}}}},"branchMap":{},"s":{"0":1,"1":1,"2":1,"3":6,"4":0,"5":1},"f":{"0":1,"1":6,"2":0},"b":{}}
}
