TN:
SF:src/components/cart/cart.tsx
FN:11,(anonymous_1)
FN:14,(anonymous_2)
FN:19,(anonymous_3)
FN:24,(anonymous_4)
FN:35,(anonymous_5)
FN:36,(anonymous_6)
FN:50,(anonymous_7)
FN:52,(anonymous_8)
FN:54,(anonymous_9)
FN:65,(anonymous_10)
FN:67,(anonymous_11)
FN:91,(anonymous_12)
FN:102,(anonymous_13)
FN:112,(anonymous_14)
FNF:14
FNH:11
FNDA:10,(anonymous_1)
FNDA:12,(anonymous_2)
FNDA:3,(anonymous_3)
FNDA:2,(anonymous_4)
FNDA:0,(anonymous_5)
FNDA:0,(anonymous_6)
FNDA:11,(anonymous_7)
FNDA:11,(anonymous_8)
FNDA:4,(anonymous_9)
FNDA:11,(anonymous_10)
FNDA:11,(anonymous_11)
FNDA:2,(anonymous_12)
FNDA:1,(anonymous_13)
FNDA:0,(anonymous_14)
DA:2,1
DA:3,1
DA:4,1
DA:5,1
DA:11,1
DA:12,10
DA:14,12
DA:19,10
DA:20,3
DA:21,1
DA:24,2
DA:25,2
DA:26,2
DA:31,0
DA:33,2
DA:35,10
DA:36,0
DA:37,0
DA:38,0
DA:43,0
DA:45,0
DA:48,10
DA:50,11
DA:52,11
DA:54,10
DA:55,4
DA:58,10
DA:65,11
DA:68,11
DA:91,2
DA:102,1
DA:112,0
DA:129,1
LF:33
LH:26
BRDA:20,0,0,1
BRDA:20,1,0,3
BRDA:20,1,1,2
BRDA:25,2,0,2
BRDA:37,3,0,0
BRDA:50,4,0,11
BRDA:50,4,1,0
BRDA:65,5,0,11
BRDA:65,5,1,0
BRF:9
BRH:6
end_of_record
TN:
SF:src/components/ui/button/button.tsx
FN:41,(anonymous_1)
FNF:1
FNH:1
FNDA:33,(anonymous_1)
DA:1,1
DA:3,1
DA:5,1
DA:7,1
DA:11,1
DA:23,1
DA:40,1
DA:51,33
DA:52,33
DA:61,1
DA:63,1
LF:11
LH:11
BRDA:44,0,0,11
BRDA:45,1,0,33
BRDA:46,2,0,33
BRDA:51,3,0,0
BRDA:51,3,1,33
BRF:5
BRH:4
end_of_record
TN:
SF:src/components/ui/button/index.ts
FNF:0
FNH:0
DA:1,1
LF:1
LH:1
BRF:0
BRH:0
end_of_record
TN:
SF:src/lib/utils.ts
FN:4,cn
FN:8,tw
FNF:2
FNH:2
FNDA:33,cn
FNDA:1,tw
DA:1,1
DA:2,1
DA:4,1
DA:5,33
DA:8,1
DA:9,1
LF:6
LH:6
BRF:0
BRH:0
end_of_record
TN:
SF:src/lib/store/productStore.ts
FN:11,(anonymous_0)
FN:13,(anonymous_1)
FN:15,(anonymous_2)
FNF:3
FNH:2
FNDA:1,(anonymous_0)
FNDA:6,(anonymous_1)
FNDA:0,(anonymous_2)
DA:2,1
DA:11,1
DA:13,6
DA:15,0
DA:18,1
LF:5
LH:4
BRF:0
BRH:0
end_of_record
