TN:
SF:src/components/cart/cart.tsx
FN:11,(anonymous_1)
FN:14,(anonymous_2)
FN:19,(anonymous_3)
FN:24,(anonymous_4)
FN:36,(anonymous_5)
FN:38,(anonymous_6)
FN:43,(anonymous_7)
FN:47,(anonymous_8)
FN:52,(anonymous_9)
FN:63,(anonymous_10)
FN:84,(anonymous_11)
FN:95,(anonymous_12)
FN:104,(anonymous_13)
FNF:13
FNH:12
FNDA:11,(anonymous_1)
FNDA:13,(anonymous_2)
FNDA:3,(anonymous_3)
FNDA:2,(anonymous_4)
FNDA:1,(anonymous_5)
FNDA:1,(anonymous_6)
FNDA:10,(anonymous_7)
FNDA:4,(anonymous_8)
FNDA:0,(anonymous_9)
FNDA:10,(anonymous_10)
FNDA:2,(anonymous_11)
FNDA:1,(anonymous_12)
FNDA:1,(anonymous_13)
DA:2,1
DA:3,1
DA:4,1
DA:5,1
DA:11,1
DA:12,11
DA:14,13
DA:19,11
DA:20,3
DA:21,1
DA:24,2
DA:25,2
DA:26,2
DA:31,0
DA:33,2
DA:36,11
DA:38,1
DA:39,1
DA:42,11
DA:43,10
DA:47,11
DA:48,4
DA:49,4
DA:51,0
DA:52,0
DA:54,0
DA:58,11
DA:64,10
DA:84,2
DA:95,1
DA:104,1
DA:121,1
LF:32
LH:28
BRDA:20,0,0,1
BRDA:20,1,0,3
BRDA:20,1,1,2
BRDA:25,2,0,2
BRDA:48,3,0,4
BRDA:48,3,1,0
BRF:6
BRH:5
end_of_record
TN:
SF:src/components/ui/button/button.tsx
FN:41,(anonymous_1)
FNF:1
FNH:1
FNDA:30,(anonymous_1)
DA:1,1
DA:3,1
DA:5,1
DA:7,1
DA:11,1
DA:23,1
DA:40,1
DA:51,30
DA:52,30
DA:61,1
DA:63,1
LF:11
LH:11
BRDA:44,0,0,10
BRDA:45,1,0,30
BRDA:46,2,0,30
BRDA:51,3,0,0
BRDA:51,3,1,30
BRF:5
BRH:4
end_of_record
TN:
SF:src/components/ui/button/index.ts
FNF:0
FNH:0
DA:1,1
LF:1
LH:1
BRF:0
BRH:0
end_of_record
TN:
SF:src/lib/utils.ts
FN:4,cn
FN:8,tw
FNF:2
FNH:2
FNDA:30,cn
FNDA:1,tw
DA:1,1
DA:2,1
DA:4,1
DA:5,30
DA:8,1
DA:9,1
LF:6
LH:6
BRF:0
BRH:0
end_of_record
TN:
SF:src/lib/store/productStore.ts
FN:11,(anonymous_0)
FN:13,(anonymous_1)
FN:15,(anonymous_2)
FNF:3
FNH:2
FNDA:1,(anonymous_0)
FNDA:7,(anonymous_1)
FNDA:0,(anonymous_2)
DA:2,1
DA:11,1
DA:13,7
DA:15,0
DA:18,1
LF:5
LH:4
BRF:0
BRH:0
end_of_record
